<?xml version="1.0" encoding="UTF-8"?>
<!-- Generated by org.testng.reporters.JUnitXMLReporter -->
<testsuite hostname="DESKTOP-U52CDKB" name="Test" tests="1" failures="1" timestamp="26 Oct 2020 10:31:32 GMT" time="0.354" errors="0">
  <testcase name="countlink" time="0.053" classname="google.google.Countlink">
    <failure type="java.lang.NullPointerException">
      <![CDATA[java.lang.NullPointerException
	at google.google.Countlink.countlink(Countlink.java:17)
	at google.google.TestngRunner.main(TestngRunner.java:19)
... Removed 22 stack frames]]>
    </failure>
  </testcase> <!-- countlink -->
</testsuite> <!-- Test -->
