<?xml version="1.0" encoding="UTF-8"?>
<testng-results skipped="0" failed="1" total="2" passed="1">
  <reporter-output>
  </reporter-output>
  <suite name="Suite" duration-ms="16" started-at="2020-10-26T10:31:30Z" finished-at="2020-10-26T10:31:30Z">
    <groups>
    </groups>
    <test name="Test" duration-ms="16" started-at="2020-10-26T10:31:30Z" finished-at="2020-10-26T10:31:30Z">
    </test> <!-- Test -->
  </suite> <!-- Suite -->
  <suite name="Suite (1)" duration-ms="10" started-at="2020-10-26T10:31:32Z" finished-at="2020-10-26T10:31:32Z">
    <groups>
    </groups>
    <test name="Test" duration-ms="10" started-at="2020-10-26T10:31:32Z" finished-at="2020-10-26T10:31:32Z">
      <class name="google.google.ValidateInvalidLinks">
        <test-method status="PASS" signature="validateInvalidLinks()[pri:2, instance:google.google.ValidateInvalidLinks@43a25848]" name="validateInvalidLinks" duration-ms="9" started-at="2020-10-26T16:01:32Z" finished-at="2020-10-26T16:01:32Z">
          <reporter-output>
          </reporter-output>
        </test-method> <!-- validateInvalidLinks -->
      </class> <!-- google.google.ValidateInvalidLinks -->
    </test> <!-- Test -->
  </suite> <!-- Suite (1) -->
  <suite name="Suite (0)" duration-ms="354" started-at="2020-10-26T10:31:31Z" finished-at="2020-10-26T10:31:32Z">
    <groups>
    </groups>
    <test name="Test" duration-ms="354" started-at="2020-10-26T10:31:31Z" finished-at="2020-10-26T10:31:32Z">
      <class name="google.google.Countlink">
        <test-method status="FAIL" signature="countlink()[pri:1, instance:google.google.Countlink@4c203ea1]" name="countlink" duration-ms="53" started-at="2020-10-26T16:01:32Z" finished-at="2020-10-26T16:01:32Z">
          <exception class="java.lang.NullPointerException">
            <full-stacktrace>
              <![CDATA[java.lang.NullPointerException
	at google.google.Countlink.countlink(Countlink.java:17)
	at sun.reflect.NativeMethodAccessorImpl.invoke0(Native Method)
	at sun.reflect.NativeMethodAccessorImpl.invoke(NativeMethodAccessorImpl.java:62)
	at sun.reflect.DelegatingMethodAccessorImpl.invoke(DelegatingMethodAccessorImpl.java:43)
	at java.lang.reflect.Method.invoke(Method.java:498)
	at org.testng.internal.MethodInvocationHelper.invokeMethod(MethodInvocationHelper.java:100)
	at org.testng.internal.Invoker.invokeMethod(Invoker.java:646)
	at org.testng.internal.Invoker.invokeTestMethod(Invoker.java:811)
	at org.testng.internal.Invoker.invokeTestMethods(Invoker.java:1137)
	at org.testng.internal.TestMethodWorker.invokeTestMethods(TestMethodWorker.java:129)
	at org.testng.internal.TestMethodWorker.run(TestMethodWorker.java:112)
	at org.testng.TestRunner.privateRun(TestRunner.java:753)
	at org.testng.TestRunner.run(TestRunner.java:607)
	at org.testng.SuiteRunner.runTest(SuiteRunner.java:368)
	at org.testng.SuiteRunner.runSequentially(SuiteRunner.java:363)
	at org.testng.SuiteRunner.privateRun(SuiteRunner.java:321)
	at org.testng.SuiteRunner.run(SuiteRunner.java:270)
	at org.testng.SuiteRunnerWorker.runSuite(SuiteRunnerWorker.java:52)
	at org.testng.SuiteRunnerWorker.run(SuiteRunnerWorker.java:86)
	at org.testng.TestNG.runSuitesSequentially(TestNG.java:1284)
	at org.testng.TestNG.runSuitesLocally(TestNG.java:1209)
	at org.testng.TestNG.runSuites(TestNG.java:1124)
	at org.testng.TestNG.run(TestNG.java:1096)
	at google.google.TestngRunner.main(TestngRunner.java:19)
]]>
            </full-stacktrace>
          </exception> <!-- java.lang.NullPointerException -->
          <reporter-output>
          </reporter-output>
        </test-method> <!-- countlink -->
      </class> <!-- google.google.Countlink -->
    </test> <!-- Test -->
  </suite> <!-- Suite (0) -->
</testng-results>
